Not using distributed mode
Namespace(amp=False, augmix_severity=3, auto_augment=None, batch_size=256, bias_weight_decay=None, cache_dataset=False, clip_grad_norm=None, cutmix_alpha=0.0, data_path='/datasets01/imagenet_full_size/061417/', device='cuda', dist_url='env://', distributed=False, epochs=100, image_per_class=100, label_smoothing=0.0, lr=0.2, lr_gamma=0.1, lr_min=0.0, lr_scheduler='cosineannealinglr', lr_step_size=30, lr_warmup_decay=0.01, lr_warmup_epochs=5, lr_warmup_method='linear', mixup_alpha=0.0, model='resnet18', model_ema=False, model_ema_decay=0.99998, model_ema_steps=32, momentum=0.9, norm_weight_decay=None, opt='sgd', output_dir='save_kd/T18S18_T20_[4K].ipc_100', print_freq=1000, ra_magnitude=9, ra_reps=3, ra_sampler=False, random_erase=0.0, resume='', save_all=False, start_epoch=0, syn_data_path='/home/zeyuan/My-Dataset-Distillation/SRe2L-private/sre2l_tiny_rn18_4k_ipc100', sync_bn=False, teacher_model='resnet18', teacher_path='/home/zeyuan/My-DD-iclr/tiny-save/resnet18_E50/checkpoint.pth', temperature=20.0, test_only=False, transformer_embedding_decay=None, use_deterministic_algorithms=False, weight_decay=0.0001, weights=None, workers=16, world_size=1)
Loading training data
Loading validation data
Files already downloaded and verified.
Creating data loaders
Creating model
Start training
Epoch: [0]  [ 0/79]  eta: 0:04:00  lr: 0.002  img/s: 102.64315413940648  loss: 5.3259 (5.3259)  acc1: 0.7812 (0.7812)  acc5: 3.5156 (3.5156)  time: 3.0399  data: 0.5458  max mem: 7376
Epoch: [0] Total time: 0:00:16
Test:   [ 0/40]  eta: 0:00:29  loss: 6.0032 (6.0032)  acc1: 0.3906 (0.3906)  acc5: 3.5156 (3.5156)  time: 0.7412  data: 0.7020  max mem: 7376
Test:  Total time: 0:00:02
Test:  Acc@1 0.570 Acc@5 2.590
Epoch: [1]  [ 0/79]  eta: 0:01:09  lr: 0.0416  img/s: 1545.9287578772778  loss: 4.4737 (4.4737)  acc1: 0.7812 (0.7812)  acc5: 3.5156 (3.5156)  time: 0.8819  data: 0.7163  max mem: 7376
Epoch: [1] Total time: 0:00:13
Test:   [ 0/40]  eta: 0:00:29  loss: 5.4315 (5.4315)  acc1: 2.3438 (2.3438)  acc5: 12.1094 (12.1094)  time: 0.7404  data: 0.7010  max mem: 7376
Test:  Total time: 0:00:02
Test:  Acc@1 1.690 Acc@5 7.370
Epoch: [2]  [ 0/79]  eta: 0:01:11  lr: 0.0812  img/s: 1544.4655914179561  loss: 3.4073 (3.4073)  acc1: 1.9531 (1.9531)  acc5: 11.7188 (11.7188)  time: 0.9032  data: 0.7375  max mem: 7376
Epoch: [2] Total time: 0:00:13
Test:   [ 0/40]  eta: 0:00:29  loss: 5.2024 (5.2024)  acc1: 3.5156 (3.5156)  acc5: 15.2344 (15.2344)  time: 0.7475  data: 0.7080  max mem: 7376
Test:  Total time: 0:00:02
Test:  Acc@1 4.050 Acc@5 13.890
Epoch: [3]  [ 0/79]  eta: 0:01:12  lr: 0.12079999999999999  img/s: 1552.432981373554  loss: 3.0834 (3.0834)  acc1: 4.2969 (4.2969)  acc5: 13.2812 (13.2812)  time: 0.9164  data: 0.7515  max mem: 7376
Epoch: [3] Total time: 0:00:13
Test:   [ 0/40]  eta: 0:00:29  loss: 5.3047 (5.3047)  acc1: 5.8594 (5.8594)  acc5: 17.1875 (17.1875)  time: 0.7460  data: 0.7070  max mem: 7376
Test:  Total time: 0:00:02
Test:  Acc@1 4.220 Acc@5 14.580
Epoch: [4]  [ 0/79]  eta: 0:01:10  lr: 0.1604  img/s: 1548.9773771844534  loss: 2.9923 (2.9923)  acc1: 5.8594 (5.8594)  acc5: 19.5312 (19.5312)  time: 0.8907  data: 0.7254  max mem: 7376
Epoch: [4] Total time: 0:00:13
Test:   [ 0/40]  eta: 0:00:29  loss: 5.8568 (5.8568)  acc1: 4.6875 (4.6875)  acc5: 14.4531 (14.4531)  time: 0.7315  data: 0.6922  max mem: 7376
/home/zeyuan/miniconda3/envs/py38/lib/python3.8/site-packages/torch/optim/lr_scheduler.py:163: UserWarning: The epoch parameter in `scheduler.step()` was not necessary and is being deprecated where possible. Please use `scheduler.step()` to step the scheduler. During the deprecation, if epoch is different from None, the closed form is used instead of the new chainable form, where available. Please open an issue if you are unable to replicate your use case: https://github.com/pytorch/pytorch/issues/new/choose.
  warnings.warn(EPOCH_DEPRECATION_WARNING, UserWarning)
Test:  Total time: 0:00:02
Test:  Acc@1 4.180 Acc@5 14.570
Epoch: [5]  [ 0/79]  eta: 0:01:11  lr: 0.2  img/s: 1550.0618932336668  loss: 2.8828 (2.8828)  acc1: 6.2500 (6.2500)  acc5: 25.7812 (25.7812)  time: 0.9007  data: 0.7355  max mem: 7376
Epoch: [5] Total time: 0:00:13
Test:   [ 0/40]  eta: 0:00:28  loss: 5.3714 (5.3714)  acc1: 9.7656 (9.7656)  acc5: 21.4844 (21.4844)  time: 0.7242  data: 0.6850  max mem: 7376
Test:  Total time: 0:00:02
Test:  Acc@1 7.050 Acc@5 22.170
Epoch: [6]  [ 0/79]  eta: 0:01:10  lr: 0.19994532573409263  img/s: 1543.8193900878491  loss: 2.3942 (2.3942)  acc1: 11.7188 (11.7188)  acc5: 32.0312 (32.0312)  time: 0.8936  data: 0.7277  max mem: 7376
Epoch: [6] Total time: 0:00:13
Test:   [ 0/40]  eta: 0:00:29  loss: 5.7795 (5.7795)  acc1: 6.2500 (6.2500)  acc5: 20.3125 (20.3125)  time: 0.7325  data: 0.6933  max mem: 7376
Test:  Total time: 0:00:02
Test:  Acc@1 7.040 Acc@5 21.720
Epoch: [7]  [ 0/79]  eta: 0:01:12  lr: 0.1997813627218775  img/s: 1549.7732861072864  loss: 2.1636 (2.1636)  acc1: 20.3125 (20.3125)  acc5: 41.4062 (41.4062)  time: 0.9156  data: 0.7504  max mem: 7376
Epoch: [7] Total time: 0:00:13
Test:   [ 0/40]  eta: 0:00:29  loss: 5.8220 (5.8220)  acc1: 5.4688 (5.4688)  acc5: 14.4531 (14.4531)  time: 0.7485  data: 0.7091  max mem: 7376
Test:  Total time: 0:00:02
Test:  Acc@1 6.020 Acc@5 20.250
Epoch: [8]  [ 0/79]  eta: 0:01:15  lr: 0.19950829025450117  img/s: 1546.149139909743  loss: 2.0503 (2.0503)  acc1: 15.2344 (15.2344)  acc5: 43.7500 (43.7500)  time: 0.9604  data: 0.7948  max mem: 7376
Epoch: [8] Total time: 0:00:13
Test:   [ 0/40]  eta: 0:00:29  loss: 5.6501 (5.6501)  acc1: 7.4219 (7.4219)  acc5: 22.6562 (22.6562)  time: 0.7473  data: 0.7082  max mem: 7376
Test:  Total time: 0:00:02
Test:  Acc@1 7.480 Acc@5 21.720
Epoch: [9]  [ 0/79]  eta: 0:01:11  lr: 0.19912640693269754  img/s: 1545.6461375466397  loss: 1.9735 (1.9735)  acc1: 24.2188 (24.2188)  acc5: 51.9531 (51.9531)  time: 0.9058  data: 0.7402  max mem: 7376
Epoch: [9] Total time: 0:00:13
Test:   [ 0/40]  eta: 0:00:29  loss: 4.7799 (4.7799)  acc1: 10.9375 (10.9375)  acc5: 31.6406 (31.6406)  time: 0.7446  data: 0.7051  max mem: 7376
Test:  Total time: 0:00:02
Test:  Acc@1 10.030 Acc@5 28.870
Epoch: [10]  [ 0/79]  eta: 0:01:10  lr: 0.19863613034027225  img/s: 1548.3653521143008  loss: 1.6970 (1.6970)  acc1: 29.2969 (29.2969)  acc5: 58.5938 (58.5938)  time: 0.8943  data: 0.7289  max mem: 7376
Epoch: [10] Total time: 0:00:13
Test:   [ 0/40]  eta: 0:00:29  loss: 4.3311 (4.3311)  acc1: 14.0625 (14.0625)  acc5: 35.9375 (35.9375)  time: 0.7442  data: 0.7049  max mem: 7376
Test:  Total time: 0:00:02
Test:  Acc@1 14.280 Acc@5 35.780
Epoch: [11]  [ 0/79]  eta: 0:01:12  lr: 0.19803799658748095  img/s: 1550.021616019009  loss: 1.6724 (1.6724)  acc1: 30.4688 (30.4688)  acc5: 60.9375 (60.9375)  time: 0.9154  data: 0.7502  max mem: 7376
Epoch: [11] Total time: 0:00:13
Test:   [ 0/40]  eta: 0:00:30  loss: 5.2287 (5.2287)  acc1: 10.1562 (10.1562)  acc5: 28.5156 (28.5156)  time: 0.7520  data: 0.7126  max mem: 7376
Test:  Total time: 0:00:02
Test:  Acc@1 10.920 Acc@5 29.150
Epoch: [12]  [ 0/79]  eta: 0:01:10  lr: 0.1973326597248006  img/s: 1548.2023759229808  loss: 1.6608 (1.6608)  acc1: 35.9375 (35.9375)  acc5: 62.1094 (62.1094)  time: 0.8976  data: 0.7322  max mem: 7376
Epoch: [12] Total time: 0:00:13
Test:   [ 0/40]  eta: 0:00:29  loss: 3.6449 (3.6449)  acc1: 16.4062 (16.4062)  acc5: 44.5312 (44.5312)  time: 0.7407  data: 0.7011  max mem: 7376
Test:  Total time: 0:00:02
Test:  Acc@1 20.330 Acc@5 46.720
Epoch: [13]  [ 0/79]  eta: 0:01:10  lr: 0.19652089102773487  img/s: 1545.0767601418245  loss: 1.5412 (1.5412)  acc1: 37.5000 (37.5000)  acc5: 65.2344 (65.2344)  time: 0.8954  data: 0.7297  max mem: 7376
Epoch: [13] Total time: 0:00:13
Test:   [ 0/40]  eta: 0:00:30  loss: 4.2064 (4.2064)  acc1: 13.6719 (13.6719)  acc5: 42.9688 (42.9688)  time: 0.7596  data: 0.7202  max mem: 7376
Test:  Total time: 0:00:02
Test:  Acc@1 17.630 Acc@5 41.820
Epoch: [14]  [ 0/79]  eta: 0:01:12  lr: 0.19560357815343576  img/s: 1545.9755003311545  loss: 1.4214 (1.4214)  acc1: 42.9688 (42.9688)  acc5: 71.4844 (71.4844)  time: 0.9134  data: 0.7478  max mem: 7376
Epoch: [14] Total time: 0:00:13
Test:   [ 0/40]  eta: 0:00:31  loss: 3.5119 (3.5119)  acc1: 21.0938 (21.0938)  acc5: 49.2188 (49.2188)  time: 0.7983  data: 0.7591  max mem: 7376
Test:  Total time: 0:00:02
Test:  Acc@1 23.270 Acc@5 51.160
Epoch: [15]  [ 0/79]  eta: 0:01:10  lr: 0.19458172417006347  img/s: 1546.5299478172697  loss: 1.4018 (1.4018)  acc1: 42.5781 (42.5781)  acc5: 70.3125 (70.3125)  time: 0.8942  data: 0.7286  max mem: 7376
Epoch: [15] Total time: 0:00:13
Test:   [ 0/40]  eta: 0:00:29  loss: 3.3872 (3.3872)  acc1: 23.4375 (23.4375)  acc5: 55.0781 (55.0781)  time: 0.7348  data: 0.6952  max mem: 7376
Test:  Total time: 0:00:02
Test:  Acc@1 24.900 Acc@5 53.000
Epoch: [16]  [ 0/79]  eta: 0:01:14  lr: 0.1934564464599461  img/s: 1546.3205916026411  loss: 1.3507 (1.3507)  acc1: 48.4375 (48.4375)  acc5: 78.5156 (78.5156)  time: 0.9425  data: 0.7770  max mem: 7376
Epoch: [16] Total time: 0:00:13
Test:   [ 0/40]  eta: 0:00:29  loss: 3.6333 (3.6333)  acc1: 17.9688 (17.9688)  acc5: 49.2188 (49.2188)  time: 0.7253  data: 0.6861  max mem: 7376
Test:  Total time: 0:00:02
Test:  Acc@1 22.670 Acc@5 49.460
Epoch: [17]  [ 0/79]  eta: 0:01:18  lr: 0.1922289754977385  img/s: 1546.574499006872  loss: 1.2673 (1.2673)  acc1: 42.1875 (42.1875)  acc5: 74.2188 (74.2188)  time: 0.9979  data: 0.8324  max mem: 7376
Epoch: [17] Total time: 0:00:13
Test:   [ 0/40]  eta: 0:00:31  loss: 3.3667 (3.3667)  acc1: 26.1719 (26.1719)  acc5: 53.1250 (53.1250)  time: 0.7842  data: 0.7452  max mem: 7376
Test:  Total time: 0:00:02
Test:  Acc@1 27.090 Acc@5 54.270
Epoch: [18]  [ 0/79]  eta: 0:01:14  lr: 0.1909006535049163  img/s: 1546.3584496981427  loss: 1.1797 (1.1797)  acc1: 44.9219 (44.9219)  acc5: 78.5156 (78.5156)  time: 0.9472  data: 0.7817  max mem: 7376
Epoch: [18] Total time: 0:00:13
Test:   [ 0/40]  eta: 0:00:29  loss: 3.5733 (3.5733)  acc1: 21.8750 (21.8750)  acc5: 54.2969 (54.2969)  time: 0.7302  data: 0.6910  max mem: 7376
Test:  Total time: 0:00:02
Test:  Acc@1 25.530 Acc@5 52.430
Epoch: [19]  [ 0/79]  eta: 0:01:14  lr: 0.1894729329820764  img/s: 1550.59016597037  loss: 1.1654 (1.1654)  acc1: 51.1719 (51.1719)  acc5: 79.2969 (79.2969)  time: 0.9405  data: 0.7754  max mem: 7376
Epoch: [19] Total time: 0:00:13
Test:   [ 0/40]  eta: 0:00:29  loss: 3.9672 (3.9672)  acc1: 19.9219 (19.9219)  acc5: 47.2656 (47.2656)  time: 0.7358  data: 0.6968  max mem: 7376
Test:  Total time: 0:00:02
Test:  Acc@1 23.240 Acc@5 48.740
Epoch: [20]  [ 0/79]  eta: 0:01:12  lr: 0.18794737512064896  img/s: 1548.222467023872  loss: 1.1579 (1.1579)  acc1: 46.8750 (46.8750)  acc5: 76.1719 (76.1719)  time: 0.9124  data: 0.7470  max mem: 7376
Epoch: [20] Total time: 0:00:13
Test:   [ 0/40]  eta: 0:00:29  loss: 3.6185 (3.6185)  acc1: 21.8750 (21.8750)  acc5: 51.1719 (51.1719)  time: 0.7381  data: 0.6988  max mem: 7376
Test:  Total time: 0:00:02
Test:  Acc@1 26.630 Acc@5 53.940
Epoch: [21]  [ 0/79]  eta: 0:01:13  lr: 0.18632564809575744  img/s: 1548.9259842156207  loss: 1.1231 (1.1231)  acc1: 52.7344 (52.7344)  acc5: 82.4219 (82.4219)  time: 0.9267  data: 0.7614  max mem: 7376
Epoch: [21] Total time: 0:00:13
Test:   [ 0/40]  eta: 0:00:29  loss: 3.3696 (3.3696)  acc1: 26.1719 (26.1719)  acc5: 55.4688 (55.4688)  time: 0.7499  data: 0.7107  max mem: 7376
Test:  Total time: 0:00:02
Test:  Acc@1 29.050 Acc@5 56.760
Epoch: [22]  [ 0/79]  eta: 0:01:13  lr: 0.1846095252420936  img/s: 1550.5073197498953  loss: 1.0675 (1.0675)  acc1: 50.7812 (50.7812)  acc5: 76.9531 (76.9531)  time: 0.9331  data: 0.7680  max mem: 7376
Epoch: [22] Total time: 0:00:13
Test:   [ 0/40]  eta: 0:00:29  loss: 3.1177 (3.1177)  acc1: 30.8594 (30.8594)  acc5: 59.3750 (59.3750)  time: 0.7339  data: 0.6946  max mem: 7376
Test:  Total time: 0:00:02
Test:  Acc@1 31.020 Acc@5 59.720
Epoch: [23]  [ 0/79]  eta: 0:01:12  lr: 0.18280088311480205  img/s: 1543.8016327399148  loss: 1.0276 (1.0276)  acc1: 55.4688 (55.4688)  acc5: 76.5625 (76.5625)  time: 0.9147  data: 0.7488  max mem: 7376
Epoch: [23] Total time: 0:00:13
Test:   [ 0/40]  eta: 0:00:29  loss: 3.2854 (3.2854)  acc1: 24.6094 (24.6094)  acc5: 56.6406 (56.6406)  time: 0.7323  data: 0.6931  max mem: 7376
Test:  Total time: 0:00:02
Test:  Acc@1 28.990 Acc@5 57.050
Epoch: [24]  [ 0/79]  eta: 0:01:13  lr: 0.1809016994374948  img/s: 1548.4814656714007  loss: 1.0273 (1.0273)  acc1: 57.4219 (57.4219)  acc5: 82.4219 (82.4219)  time: 0.9275  data: 0.7621  max mem: 7376
Epoch: [24] Total time: 0:00:13
Test:   [ 0/40]  eta: 0:00:29  loss: 3.3277 (3.3277)  acc1: 27.7344 (27.7344)  acc5: 58.9844 (58.9844)  time: 0.7303  data: 0.6910  max mem: 7376
Test:  Total time: 0:00:02
Test:  Acc@1 31.120 Acc@5 59.930
Epoch: [25]  [ 0/79]  eta: 0:01:11  lr: 0.1789140509396394  img/s: 1551.9303689250225  loss: 1.0098 (1.0098)  acc1: 55.4688 (55.4688)  acc5: 83.5938 (83.5938)  time: 0.9106  data: 0.7456  max mem: 7376
Epoch: [25] Total time: 0:00:13
Test:   [ 0/40]  eta: 0:00:29  loss: 3.0007 (3.0007)  acc1: 32.4219 (32.4219)  acc5: 60.1562 (60.1562)  time: 0.7300  data: 0.6906  max mem: 7376
Test:  Total time: 0:00:02
Test:  Acc@1 34.600 Acc@5 63.680
Epoch: [26]  [ 0/79]  eta: 0:01:10  lr: 0.17684011108568595  img/s: 1547.428149787862  loss: 0.9610 (0.9610)  acc1: 51.9531 (51.9531)  acc5: 81.2500 (81.2500)  time: 0.8903  data: 0.7248  max mem: 7376
Epoch: [26] Total time: 0:00:13
Test:   [ 0/40]  eta: 0:00:28  loss: 2.8714 (2.8714)  acc1: 34.7656 (34.7656)  acc5: 64.8438 (64.8438)  time: 0.7185  data: 0.6792  max mem: 7376
Test:  Total time: 0:00:02
Test:  Acc@1 35.060 Acc@5 64.130
Epoch: [27]  [ 0/79]  eta: 0:01:08  lr: 0.17468214769841542  img/s: 1549.0488861189735  loss: 0.9363 (0.9363)  acc1: 57.4219 (57.4219)  acc5: 83.5938 (83.5938)  time: 0.8677  data: 0.7024  max mem: 7376
Epoch: [27] Total time: 0:00:13
Test:   [ 0/40]  eta: 0:00:28  loss: 2.8422 (2.8422)  acc1: 32.4219 (32.4219)  acc5: 64.8438 (64.8438)  time: 0.7214  data: 0.6821  max mem: 7376
Test:  Total time: 0:00:02
Test:  Acc@1 36.780 Acc@5 65.290
Epoch: [28]  [ 0/79]  eta: 0:01:10  lr: 0.17244252047910893  img/s: 1550.879077452827  loss: 0.9825 (0.9825)  acc1: 54.2969 (54.2969)  acc5: 80.0781 (80.0781)  time: 0.8905  data: 0.7254  max mem: 7376
Epoch: [28] Total time: 0:00:13
Test:   [ 0/40]  eta: 0:00:28  loss: 2.9547 (2.9547)  acc1: 32.4219 (32.4219)  acc5: 62.1094 (62.1094)  time: 0.7238  data: 0.6846  max mem: 7376
Test:  Total time: 0:00:02
Test:  Acc@1 35.570 Acc@5 63.950
Epoch: [29]  [ 0/79]  eta: 0:01:08  lr: 0.17012367842724888  img/s: 1552.9179517959028  loss: 0.9318 (0.9318)  acc1: 59.7656 (59.7656)  acc5: 86.7188 (86.7188)  time: 0.8708  data: 0.7059  max mem: 7376
Epoch: [29] Total time: 0:00:13
Test:   [ 0/40]  eta: 0:00:29  loss: 2.9148 (2.9148)  acc1: 33.2031 (33.2031)  acc5: 63.2812 (63.2812)  time: 0.7309  data: 0.6917  max mem: 7376
Test:  Total time: 0:00:02
Test:  Acc@1 37.060 Acc@5 65.370
Epoch: [30]  [ 0/79]  eta: 0:01:09  lr: 0.16772815716257414  img/s: 1543.7860953955644  loss: 0.9422 (0.9422)  acc1: 58.9844 (58.9844)  acc5: 82.0312 (82.0312)  time: 0.8773  data: 0.7115  max mem: 7376
Epoch: [30] Total time: 0:00:13
Test:   [ 0/40]  eta: 0:00:28  loss: 3.1419 (3.1419)  acc1: 30.8594 (30.8594)  acc5: 59.7656 (59.7656)  time: 0.7187  data: 0.6795  max mem: 7376
Test:  Total time: 0:00:02
Test:  Acc@1 34.340 Acc@5 63.100
Epoch: [31]  [ 0/79]  eta: 0:01:10  lr: 0.16525857615241688  img/s: 1549.4177088789706  loss: 0.9066 (0.9066)  acc1: 58.5938 (58.5938)  acc5: 83.2031 (83.2031)  time: 0.8933  data: 0.7280  max mem: 7376
Epoch: [31] Total time: 0:00:13
Test:   [ 0/40]  eta: 0:00:28  loss: 3.1222 (3.1222)  acc1: 32.4219 (32.4219)  acc5: 60.9375 (60.9375)  time: 0.7184  data: 0.6791  max mem: 7376
Test:  Total time: 0:00:02
Test:  Acc@1 34.850 Acc@5 63.620
Epoch: [32]  [ 0/79]  eta: 0:01:10  lr: 0.16271763584735371  img/s: 1547.8854520004095  loss: 0.8361 (0.8361)  acc1: 62.8906 (62.8906)  acc5: 84.7656 (84.7656)  time: 0.8908  data: 0.7254  max mem: 7376
Epoch: [32] Total time: 0:00:13
Test:   [ 0/40]  eta: 0:00:29  loss: 2.7360 (2.7360)  acc1: 37.5000 (37.5000)  acc5: 67.9688 (67.9688)  time: 0.7263  data: 0.6871  max mem: 7376
Test:  Total time: 0:00:02
Test:  Acc@1 39.530 Acc@5 69.070
Epoch: [33]  [ 0/79]  eta: 0:01:09  lr: 0.16010811472830253  img/s: 1552.1614404746072  loss: 0.8549 (0.8549)  acc1: 62.1094 (62.1094)  acc5: 85.5469 (85.5469)  time: 0.8853  data: 0.7203  max mem: 7376
Epoch: [33] Total time: 0:00:13
Test:   [ 0/40]  eta: 0:00:29  loss: 2.9263 (2.9263)  acc1: 30.8594 (30.8594)  acc5: 63.6719 (63.6719)  time: 0.7294  data: 0.6902  max mem: 7376
Test:  Total time: 0:00:02
Test:  Acc@1 36.340 Acc@5 63.550
Epoch: [34]  [ 0/79]  eta: 0:01:09  lr: 0.15743286626829436  img/s: 1545.4659375994036  loss: 0.8505 (0.8505)  acc1: 56.2500 (56.2500)  acc5: 82.8125 (82.8125)  time: 0.8776  data: 0.7119  max mem: 7376
Epoch: [34] Total time: 0:00:13
Test:   [ 0/40]  eta: 0:00:29  loss: 2.7521 (2.7521)  acc1: 36.7188 (36.7188)  acc5: 66.7969 (66.7969)  time: 0.7302  data: 0.6909  max mem: 7376
Test:  Total time: 0:00:02
Test:  Acc@1 38.880 Acc@5 66.420
Epoch: [35]  [ 0/79]  eta: 0:01:14  lr: 0.1546948158122427  img/s: 1549.842631497661  loss: 0.8557 (0.8557)  acc1: 61.7188 (61.7188)  acc5: 85.1562 (85.1562)  time: 0.9423  data: 0.7771  max mem: 7376
Epoch: [35] Total time: 0:00:13
Test:   [ 0/40]  eta: 0:00:29  loss: 2.8717 (2.8717)  acc1: 37.8906 (37.8906)  acc5: 65.2344 (65.2344)  time: 0.7367  data: 0.6975  max mem: 7376
Test:  Total time: 0:00:02
Test:  Acc@1 37.480 Acc@5 65.830
Epoch: [36]  [ 0/79]  eta: 0:01:14  lr: 0.1518969573781215  img/s: 1552.1367596486182  loss: 0.8047 (0.8047)  acc1: 64.8438 (64.8438)  acc5: 83.9844 (83.9844)  time: 0.9463  data: 0.7813  max mem: 7376
Epoch: [36] Total time: 0:00:13
Test:   [ 0/40]  eta: 0:00:29  loss: 2.6488 (2.6488)  acc1: 36.3281 (36.3281)  acc5: 69.5312 (69.5312)  time: 0.7461  data: 0.7067  max mem: 7376
Test:  Total time: 0:00:02
Test:  Acc@1 40.250 Acc@5 68.610
Epoch: [37]  [ 0/79]  eta: 0:01:13  lr: 0.14904235038305078  img/s: 1548.7159788320105  loss: 0.8233 (0.8233)  acc1: 60.9375 (60.9375)  acc5: 85.5469 (85.5469)  time: 0.9344  data: 0.7691  max mem: 7376
Epoch: [37] Total time: 0:00:13
Test:   [ 0/40]  eta: 0:00:30  loss: 2.8085 (2.8085)  acc1: 37.5000 (37.5000)  acc5: 66.0156 (66.0156)  time: 0.7586  data: 0.7193  max mem: 7376
Test:  Total time: 0:00:02
Test:  Acc@1 39.160 Acc@5 68.040
Epoch: [38]  [ 0/79]  eta: 0:01:11  lr: 0.14613411629786877  img/s: 1545.5037538574916  loss: 0.8014 (0.8014)  acc1: 61.3281 (61.3281)  acc5: 86.7188 (86.7188)  time: 0.9036  data: 0.7380  max mem: 7376
Epoch: [38] Total time: 0:00:13
Test:   [ 0/40]  eta: 0:00:29  loss: 2.5768 (2.5768)  acc1: 38.2812 (38.2812)  acc5: 71.4844 (71.4844)  time: 0.7419  data: 0.7026  max mem: 7376
Test:  Total time: 0:00:02
Test:  Acc@1 41.190 Acc@5 69.480
Epoch: [39]  [ 0/79]  eta: 0:01:11  lr: 0.14317543523384926  img/s: 1548.124248820605  loss: 0.7934 (0.7934)  acc1: 60.1562 (60.1562)  acc5: 84.7656 (84.7656)  time: 0.9050  data: 0.7396  max mem: 7376
Epoch: [39] Total time: 0:00:13
Test:   [ 0/40]  eta: 0:00:30  loss: 2.5027 (2.5027)  acc1: 41.4062 (41.4062)  acc5: 70.7031 (70.7031)  time: 0.7708  data: 0.7316  max mem: 7376
Test:  Total time: 0:00:02
Test:  Acc@1 42.790 Acc@5 71.070
Epoch: [40]  [ 0/79]  eta: 0:01:12  lr: 0.14016954246529695  img/s: 1547.24530455207  loss: 0.7980 (0.7980)  acc1: 61.3281 (61.3281)  acc5: 84.3750 (84.3750)  time: 0.9136  data: 0.7481  max mem: 7376
Epoch: [40] Total time: 0:00:13
Test:   [ 0/40]  eta: 0:00:30  loss: 2.5586 (2.5586)  acc1: 35.5469 (35.5469)  acc5: 70.3125 (70.3125)  time: 0.7534  data: 0.7140  max mem: 7376
Test:  Total time: 0:00:02
Test:  Acc@1 41.890 Acc@5 69.950
Epoch: [41]  [ 0/79]  eta: 0:01:11  lr: 0.13711972489182206  img/s: 1551.4415317016644  loss: 0.7571 (0.7571)  acc1: 59.7656 (59.7656)  acc5: 86.7188 (86.7188)  time: 0.9057  data: 0.7407  max mem: 7376
Epoch: [41] Total time: 0:00:13
Test:   [ 0/40]  eta: 0:00:28  loss: 2.7682 (2.7682)  acc1: 33.9844 (33.9844)  acc5: 67.9688 (67.9688)  time: 0.7234  data: 0.6843  max mem: 7376
Test:  Total time: 0:00:02
Test:  Acc@1 38.610 Acc@5 67.530
Epoch: [42]  [ 0/79]  eta: 0:01:11  lr: 0.13402931744416427  img/s: 1546.8596874131124  loss: 0.7700 (0.7700)  acc1: 70.3125 (70.3125)  acc5: 89.4531 (89.4531)  time: 0.9017  data: 0.7362  max mem: 7376
Epoch: [42] Total time: 0:00:13
Test:   [ 0/40]  eta: 0:00:29  loss: 2.5955 (2.5955)  acc1: 37.8906 (37.8906)  acc5: 70.3125 (70.3125)  time: 0.7461  data: 0.7068  max mem: 7376
Test:  Total time: 0:00:02
Test:  Acc@1 40.850 Acc@5 68.930
Epoch: [43]  [ 0/79]  eta: 0:01:09  lr: 0.13090169943749472  img/s: 1546.6992559941805  loss: 0.7497 (0.7497)  acc1: 63.6719 (63.6719)  acc5: 85.1562 (85.1562)  time: 0.8757  data: 0.7102  max mem: 7376
Epoch: [43] Total time: 0:00:13
Test:   [ 0/40]  eta: 0:00:29  loss: 2.7444 (2.7444)  acc1: 39.8438 (39.8438)  acc5: 67.1875 (67.1875)  time: 0.7276  data: 0.6886  max mem: 7376
Test:  Total time: 0:00:02
Test:  Acc@1 40.280 Acc@5 68.710
Epoch: [44]  [ 0/79]  eta: 0:01:13  lr: 0.12774029087618446  img/s: 1550.440153637335  loss: 0.7714 (0.7714)  acc1: 66.0156 (66.0156)  acc5: 85.9375 (85.9375)  time: 0.9319  data: 0.7668  max mem: 7376
Epoch: [44] Total time: 0:00:13
Test:   [ 0/40]  eta: 0:00:29  loss: 2.6333 (2.6333)  acc1: 39.4531 (39.4531)  acc5: 71.0938 (71.0938)  time: 0.7297  data: 0.6905  max mem: 7376
Test:  Total time: 0:00:02
Test:  Acc@1 41.080 Acc@5 70.260
Epoch: [45]  [ 0/79]  eta: 0:01:09  lr: 0.1245485487140799  img/s: 1542.0921829872366  loss: 0.7192 (0.7192)  acc1: 63.6719 (63.6719)  acc5: 85.5469 (85.5469)  time: 0.8843  data: 0.7183  max mem: 7376
Epoch: [45] Total time: 0:00:13
Test:   [ 0/40]  eta: 0:00:29  loss: 2.7173 (2.7173)  acc1: 37.5000 (37.5000)  acc5: 67.1875 (67.1875)  time: 0.7256  data: 0.6862  max mem: 7376
Test:  Total time: 0:00:02
Test:  Acc@1 40.270 Acc@5 68.790
Epoch: [46]  [ 0/79]  eta: 0:01:09  lr: 0.1213299630743747  img/s: 1548.8991718465327  loss: 0.7173 (0.7173)  acc1: 63.2812 (63.2812)  acc5: 86.3281 (86.3281)  time: 0.8805  data: 0.7152  max mem: 7376
Epoch: [46] Total time: 0:00:13
Test:   [ 0/40]  eta: 0:00:28  loss: 2.5182 (2.5182)  acc1: 40.6250 (40.6250)  acc5: 73.0469 (73.0469)  time: 0.7222  data: 0.6827  max mem: 7376
Test:  Total time: 0:00:02
Test:  Acc@1 43.260 Acc@5 71.430
Epoch: [47]  [ 0/79]  eta: 0:01:10  lr: 0.11808805343321097  img/s: 1547.3099643917856  loss: 0.7368 (0.7368)  acc1: 63.6719 (63.6719)  acc5: 85.5469 (85.5469)  time: 0.8903  data: 0.7248  max mem: 7376
Epoch: [47] Total time: 0:00:13
Test:   [ 0/40]  eta: 0:00:28  loss: 2.5235 (2.5235)  acc1: 41.0156 (41.0156)  acc5: 69.9219 (69.9219)  time: 0.7231  data: 0.6838  max mem: 7376
Test:  Total time: 0:00:02
Test:  Acc@1 43.030 Acc@5 71.160
Epoch: [48]  [ 0/79]  eta: 0:01:10  lr: 0.11482636477118417  img/s: 1552.1277849974053  loss: 0.7155 (0.7155)  acc1: 63.6719 (63.6719)  acc5: 86.7188 (86.7188)  time: 0.8984  data: 0.7335  max mem: 7376
Epoch: [48] Total time: 0:00:13
Test:   [ 0/40]  eta: 0:00:29  loss: 2.5010 (2.5010)  acc1: 38.2812 (38.2812)  acc5: 72.6562 (72.6562)  time: 0.7489  data: 0.7098  max mem: 7376
Test:  Total time: 0:00:02
Test:  Acc@1 42.300 Acc@5 70.570
Epoch: [49]  [ 0/79]  eta: 0:01:10  lr: 0.1115484636969586  img/s: 1548.3050692506795  loss: 0.7283 (0.7283)  acc1: 58.5938 (58.5938)  acc5: 83.5938 (83.5938)  time: 0.8913  data: 0.7259  max mem: 7376
Epoch: [49] Total time: 0:00:13
Test:   [ 0/40]  eta: 0:00:29  loss: 2.5412 (2.5412)  acc1: 39.0625 (39.0625)  acc5: 73.4375 (73.4375)  time: 0.7290  data: 0.6895  max mem: 7376
Test:  Total time: 0:00:02
Test:  Acc@1 42.790 Acc@5 71.100
Epoch: [50]  [ 0/79]  eta: 0:01:10  lr: 0.10825793454723322  img/s: 1544.3278674377698  loss: 0.7070 (0.7070)  acc1: 63.6719 (63.6719)  acc5: 83.9844 (83.9844)  time: 0.8899  data: 0.7241  max mem: 7376
Epoch: [50] Total time: 0:00:13
Test:   [ 0/40]  eta: 0:00:29  loss: 2.4553 (2.4553)  acc1: 42.1875 (42.1875)  acc5: 73.0469 (73.0469)  time: 0.7251  data: 0.6859  max mem: 7376
Test:  Total time: 0:00:02
Test:  Acc@1 44.590 Acc@5 72.020
Epoch: [51]  [ 0/79]  eta: 0:01:11  lr: 0.10495837546732223  img/s: 1547.037983583623  loss: 0.7008 (0.7008)  acc1: 64.4531 (64.4531)  acc5: 85.9375 (85.9375)  time: 0.9069  data: 0.7414  max mem: 7376
Epoch: [51] Total time: 0:00:13
Test:   [ 0/40]  eta: 0:00:30  loss: 2.4327 (2.4327)  acc1: 40.6250 (40.6250)  acc5: 73.8281 (73.8281)  time: 0.7733  data: 0.7339  max mem: 7376
Test:  Total time: 0:00:02
Test:  Acc@1 45.660 Acc@5 73.080
Epoch: [52]  [ 0/79]  eta: 0:01:11  lr: 0.10165339447663582  img/s: 1542.3136878060411  loss: 0.6732 (0.6732)  acc1: 62.8906 (62.8906)  acc5: 86.7188 (86.7188)  time: 0.8994  data: 0.7334  max mem: 7376
Epoch: [52] Total time: 0:00:13
Test:   [ 0/40]  eta: 0:00:30  loss: 2.4237 (2.4237)  acc1: 42.1875 (42.1875)  acc5: 73.8281 (73.8281)  time: 0.7522  data: 0.7128  max mem: 7376
Test:  Total time: 0:00:02
Test:  Acc@1 45.330 Acc@5 72.760
Epoch: [53]  [ 0/79]  eta: 0:01:10  lr: 0.09834660552336413  img/s: 1543.8926434662828  loss: 0.6688 (0.6688)  acc1: 67.9688 (67.9688)  acc5: 90.2344 (90.2344)  time: 0.8967  data: 0.7309  max mem: 7376
Epoch: [53] Total time: 0:00:13
Test:   [ 0/40]  eta: 0:00:30  loss: 2.4830 (2.4830)  acc1: 41.0156 (41.0156)  acc5: 71.0938 (71.0938)  time: 0.7703  data: 0.7310  max mem: 7376
Test:  Total time: 0:00:02
Test:  Acc@1 44.100 Acc@5 71.350
Epoch: [54]  [ 0/79]  eta: 0:01:13  lr: 0.09504162453267777  img/s: 1547.4794434075793  loss: 0.6682 (0.6682)  acc1: 68.3594 (68.3594)  acc5: 89.8438 (89.8438)  time: 0.9287  data: 0.7632  max mem: 7376
Epoch: [54] Total time: 0:00:13
Test:   [ 0/40]  eta: 0:00:30  loss: 2.5428 (2.5428)  acc1: 41.0156 (41.0156)  acc5: 73.0469 (73.0469)  time: 0.7583  data: 0.7192  max mem: 7376
Test:  Total time: 0:00:02
Test:  Acc@1 43.820 Acc@5 70.850
Epoch: [55]  [ 0/79]  eta: 0:01:13  lr: 0.09174206545276677  img/s: 1550.8745973833893  loss: 0.6586 (0.6586)  acc1: 67.9688 (67.9688)  acc5: 88.2812 (88.2812)  time: 0.9279  data: 0.7628  max mem: 7376
Epoch: [55] Total time: 0:00:13
Test:   [ 0/40]  eta: 0:00:30  loss: 2.4176 (2.4176)  acc1: 42.1875 (42.1875)  acc5: 73.0469 (73.0469)  time: 0.7601  data: 0.7209  max mem: 7376
Test:  Total time: 0:00:02
Test:  Acc@1 44.320 Acc@5 72.530
Epoch: [56]  [ 0/79]  eta: 0:01:10  lr: 0.08845153630304141  img/s: 1546.4920813241386  loss: 0.6420 (0.6420)  acc1: 64.8438 (64.8438)  acc5: 87.5000 (87.5000)  time: 0.8906  data: 0.7250  max mem: 7376
Epoch: [56] Total time: 0:00:13
Test:   [ 0/40]  eta: 0:00:29  loss: 2.4403 (2.4403)  acc1: 41.0156 (41.0156)  acc5: 73.8281 (73.8281)  time: 0.7291  data: 0.6898  max mem: 7376
Test:  Total time: 0:00:02
Test:  Acc@1 44.090 Acc@5 72.010
Epoch: [57]  [ 0/79]  eta: 0:01:15  lr: 0.0851736352288158  img/s: 1551.0246938011987  loss: 0.6653 (0.6653)  acc1: 58.9844 (58.9844)  acc5: 85.9375 (85.9375)  time: 0.9541  data: 0.7890  max mem: 7376
Epoch: [57] Total time: 0:00:13
Test:   [ 0/40]  eta: 0:00:28  loss: 2.4384 (2.4384)  acc1: 43.3594 (43.3594)  acc5: 71.4844 (71.4844)  time: 0.7227  data: 0.6834  max mem: 7376
Test:  Total time: 0:00:02
Test:  Acc@1 45.160 Acc@5 72.580
Epoch: [58]  [ 0/79]  eta: 0:01:11  lr: 0.08191194656678902  img/s: 1551.5087846048698  loss: 0.6742 (0.6742)  acc1: 63.6719 (63.6719)  acc5: 87.8906 (87.8906)  time: 0.8998  data: 0.7348  max mem: 7376
Epoch: [58] Total time: 0:00:13
Test:   [ 0/40]  eta: 0:00:29  loss: 2.2970 (2.2970)  acc1: 43.7500 (43.7500)  acc5: 76.1719 (76.1719)  time: 0.7276  data: 0.6884  max mem: 7376
Test:  Total time: 0:00:02
Test:  Acc@1 46.920 Acc@5 74.220
Epoch: [59]  [ 0/79]  eta: 0:01:10  lr: 0.07867003692562533  img/s: 1549.7643387669916  loss: 0.6294 (0.6294)  acc1: 72.2656 (72.2656)  acc5: 90.6250 (90.6250)  time: 0.8941  data: 0.7289  max mem: 7376
Epoch: [59] Total time: 0:00:13
Test:   [ 0/40]  eta: 0:00:29  loss: 2.2476 (2.2476)  acc1: 44.1406 (44.1406)  acc5: 78.1250 (78.1250)  time: 0.7435  data: 0.7042  max mem: 7376
Test:  Total time: 0:00:02
Test:  Acc@1 46.500 Acc@5 73.870
Epoch: [60]  [ 0/79]  eta: 0:01:11  lr: 0.0754514512859201  img/s: 1545.4570399252705  loss: 0.6343 (0.6343)  acc1: 70.3125 (70.3125)  acc5: 88.6719 (88.6719)  time: 0.9053  data: 0.7396  max mem: 7376
Epoch: [60] Total time: 0:00:13
Test:   [ 0/40]  eta: 0:00:29  loss: 2.4519 (2.4519)  acc1: 44.1406 (44.1406)  acc5: 72.6562 (72.6562)  time: 0.7251  data: 0.6859  max mem: 7376
Test:  Total time: 0:00:02
Test:  Acc@1 44.490 Acc@5 71.910
Epoch: [61]  [ 0/79]  eta: 0:01:15  lr: 0.07225970912381556  img/s: 1549.5227996247925  loss: 0.6194 (0.6194)  acc1: 63.2812 (63.2812)  acc5: 87.8906 (87.8906)  time: 0.9570  data: 0.7917  max mem: 7376
Epoch: [61] Total time: 0:00:13
Test:   [ 0/40]  eta: 0:00:29  loss: 2.2919 (2.2919)  acc1: 48.0469 (48.0469)  acc5: 74.2188 (74.2188)  time: 0.7379  data: 0.6986  max mem: 7376
Test:  Total time: 0:00:02
Test:  Acc@1 46.790 Acc@5 74.260
Epoch: [62]  [ 0/79]  eta: 0:01:11  lr: 0.0690983005625053  img/s: 1547.912229284488  loss: 0.6083 (0.6083)  acc1: 64.8438 (64.8438)  acc5: 87.5000 (87.5000)  time: 0.9002  data: 0.7348  max mem: 7376
Epoch: [62] Total time: 0:00:13
Test:   [ 0/40]  eta: 0:00:29  loss: 2.4187 (2.4187)  acc1: 44.1406 (44.1406)  acc5: 74.2188 (74.2188)  time: 0.7429  data: 0.7040  max mem: 7376
Test:  Total time: 0:00:02
Test:  Acc@1 46.460 Acc@5 73.580
Epoch: [63]  [ 0/79]  eta: 0:01:10  lr: 0.0659706825558357  img/s: 1549.2768649179004  loss: 0.6422 (0.6422)  acc1: 66.4062 (66.4062)  acc5: 88.2812 (88.2812)  time: 0.8932  data: 0.7279  max mem: 7376
Epoch: [63] Total time: 0:00:13
Test:   [ 0/40]  eta: 0:00:29  loss: 2.2670 (2.2670)  acc1: 46.8750 (46.8750)  acc5: 75.7812 (75.7812)  time: 0.7353  data: 0.6961  max mem: 7376
Test:  Total time: 0:00:02
Test:  Acc@1 46.830 Acc@5 74.120
Epoch: [64]  [ 0/79]  eta: 0:01:11  lr: 0.06288027510817794  img/s: 1553.9607653577357  loss: 0.5976 (0.5976)  acc1: 67.1875 (67.1875)  acc5: 87.1094 (87.1094)  time: 0.9028  data: 0.7381  max mem: 7376
Epoch: [64] Total time: 0:00:13
Test:   [ 0/40]  eta: 0:00:29  loss: 2.3143 (2.3143)  acc1: 42.5781 (42.5781)  acc5: 76.9531 (76.9531)  time: 0.7346  data: 0.6949  max mem: 7376
Test:  Total time: 0:00:02
Test:  Acc@1 45.910 Acc@5 73.720
Epoch: [65]  [ 0/79]  eta: 0:01:11  lr: 0.059830457534703084  img/s: 1542.801222468242  loss: 0.6042 (0.6042)  acc1: 65.6250 (65.6250)  acc5: 88.6719 (88.6719)  time: 0.9011  data: 0.7351  max mem: 7376
Epoch: [65] Total time: 0:00:13
Test:   [ 0/40]  eta: 0:00:29  loss: 2.3623 (2.3623)  acc1: 45.3125 (45.3125)  acc5: 73.8281 (73.8281)  time: 0.7390  data: 0.6998  max mem: 7376
Test:  Total time: 0:00:02
Test:  Acc@1 46.900 Acc@5 74.010
Epoch: [66]  [ 0/79]  eta: 0:01:12  lr: 0.056824564766150734  img/s: 1544.8677971564146  loss: 0.6052 (0.6052)  acc1: 66.0156 (66.0156)  acc5: 88.6719 (88.6719)  time: 0.9123  data: 0.7465  max mem: 7376
Epoch: [66] Total time: 0:00:13
Test:   [ 0/40]  eta: 0:00:29  loss: 2.2832 (2.2832)  acc1: 47.6562 (47.6562)  acc5: 75.7812 (75.7812)  time: 0.7376  data: 0.6980  max mem: 7376
Test:  Total time: 0:00:02
Test:  Acc@1 46.910 Acc@5 74.340
Epoch: [67]  [ 0/79]  eta: 0:01:14  lr: 0.05386588370213125  img/s: 1550.3528463900868  loss: 0.6060 (0.6060)  acc1: 69.1406 (69.1406)  acc5: 87.8906 (87.8906)  time: 0.9443  data: 0.7791  max mem: 7376
Epoch: [67] Total time: 0:00:13
Test:   [ 0/40]  eta: 0:00:29  loss: 2.2992 (2.2992)  acc1: 42.1875 (42.1875)  acc5: 78.1250 (78.1250)  time: 0.7431  data: 0.7035  max mem: 7376
Test:  Total time: 0:00:02
Test:  Acc@1 46.500 Acc@5 73.850
Epoch: [68]  [ 0/79]  eta: 0:01:10  lr: 0.0509576496169492  img/s: 1548.9393907482715  loss: 0.6045 (0.6045)  acc1: 65.2344 (65.2344)  acc5: 82.0312 (82.0312)  time: 0.8947  data: 0.7295  max mem: 7376
Epoch: [68] Total time: 0:00:13
Test:   [ 0/40]  eta: 0:00:29  loss: 2.2583 (2.2583)  acc1: 46.8750 (46.8750)  acc5: 75.0000 (75.0000)  time: 0.7252  data: 0.6859  max mem: 7376
Test:  Total time: 0:00:02
Test:  Acc@1 47.420 Acc@5 74.150
Epoch: [69]  [ 0/79]  eta: 0:01:11  lr: 0.04810304262187849  img/s: 1553.4728959414804  loss: 0.6247 (0.6247)  acc1: 72.2656 (72.2656)  acc5: 91.7969 (91.7969)  time: 0.9053  data: 0.7405  max mem: 7376
Epoch: [69] Total time: 0:00:13
Test:   [ 0/40]  eta: 0:00:29  loss: 2.2427 (2.2427)  acc1: 48.4375 (48.4375)  acc5: 78.5156 (78.5156)  time: 0.7343  data: 0.6951  max mem: 7376
Test:  Total time: 0:00:02
Test:  Acc@1 48.340 Acc@5 75.170
Epoch: [70]  [ 0/79]  eta: 0:01:09  lr: 0.04530518418775734  img/s: 1545.065643665938  loss: 0.5769 (0.5769)  acc1: 65.2344 (65.2344)  acc5: 88.6719 (88.6719)  time: 0.8859  data: 0.7202  max mem: 7376
Epoch: [70] Total time: 0:00:13
Test:   [ 0/40]  eta: 0:00:29  loss: 2.2342 (2.2342)  acc1: 46.0938 (46.0938)  acc5: 76.5625 (76.5625)  time: 0.7381  data: 0.6987  max mem: 7376
Test:  Total time: 0:00:02
Test:  Acc@1 48.510 Acc@5 75.370
Epoch: [71]  [ 0/79]  eta: 0:01:14  lr: 0.042567133731705654  img/s: 1547.0067787867918  loss: 0.5748 (0.5748)  acc1: 71.4844 (71.4844)  acc5: 89.8438 (89.8438)  time: 0.9416  data: 0.7761  max mem: 7376
Epoch: [71] Total time: 0:00:13
Test:   [ 0/40]  eta: 0:00:29  loss: 2.2816 (2.2816)  acc1: 48.0469 (48.0469)  acc5: 74.2188 (74.2188)  time: 0.7407  data: 0.7015  max mem: 7376
Test:  Total time: 0:00:02
Test:  Acc@1 47.380 Acc@5 74.570
Epoch: [72]  [ 0/79]  eta: 0:01:12  lr: 0.0398918852716975  img/s: 1550.249881248872  loss: 0.5517 (0.5517)  acc1: 66.4062 (66.4062)  acc5: 88.2812 (88.2812)  time: 0.9127  data: 0.7475  max mem: 7376
Epoch: [72] Total time: 0:00:13
Test:   [ 0/40]  eta: 0:00:29  loss: 2.2671 (2.2671)  acc1: 44.9219 (44.9219)  acc5: 75.3906 (75.3906)  time: 0.7403  data: 0.7012  max mem: 7376
Test:  Total time: 0:00:02
Test:  Acc@1 47.600 Acc@5 74.980
Epoch: [73]  [ 0/79]  eta: 0:01:10  lr: 0.037282364152646304  img/s: 1551.4908499272474  loss: 0.5716 (0.5716)  acc1: 70.3125 (70.3125)  acc5: 87.5000 (87.5000)  time: 0.8963  data: 0.7313  max mem: 7376
Epoch: [73] Total time: 0:00:13
Test:   [ 0/40]  eta: 0:00:30  loss: 2.2246 (2.2246)  acc1: 49.6094 (49.6094)  acc5: 76.5625 (76.5625)  time: 0.7552  data: 0.7160  max mem: 7376
Test:  Total time: 0:00:02
Test:  Acc@1 48.700 Acc@5 75.450
Epoch: [74]  [ 0/79]  eta: 0:01:15  lr: 0.034741423847583136  img/s: 1549.229922620877  loss: 0.5656 (0.5656)  acc1: 62.5000 (62.5000)  acc5: 85.9375 (85.9375)  time: 0.9551  data: 0.7898  max mem: 7376
Epoch: [74] Total time: 0:00:13
Test:   [ 0/40]  eta: 0:00:29  loss: 2.2642 (2.2642)  acc1: 45.7031 (45.7031)  acc5: 76.5625 (76.5625)  time: 0.7302  data: 0.6906  max mem: 7376
Test:  Total time: 0:00:02
Test:  Acc@1 47.490 Acc@5 74.350
Epoch: [75]  [ 0/79]  eta: 0:01:15  lr: 0.032271842837425915  img/s: 1548.923749816075  loss: 0.5317 (0.5317)  acc1: 61.3281 (61.3281)  acc5: 85.5469 (85.5469)  time: 0.9592  data: 0.7939  max mem: 7376
Epoch: [75] Total time: 0:00:13
Test:   [ 0/40]  eta: 0:00:29  loss: 2.2116 (2.2116)  acc1: 48.4375 (48.4375)  acc5: 78.1250 (78.1250)  time: 0.7495  data: 0.7105  max mem: 7376
Test:  Total time: 0:00:02
Test:  Acc@1 49.310 Acc@5 75.930
Epoch: [76]  [ 0/79]  eta: 0:01:10  lr: 0.029876321572751142  img/s: 1543.2824109740252  loss: 0.5759 (0.5759)  acc1: 64.0625 (64.0625)  acc5: 87.5000 (87.5000)  time: 0.8945  data: 0.7286  max mem: 7376
Epoch: [76] Total time: 0:00:13
Test:   [ 0/40]  eta: 0:00:29  loss: 2.2013 (2.2013)  acc1: 50.0000 (50.0000)  acc5: 76.5625 (76.5625)  time: 0.7259  data: 0.6867  max mem: 7376
Test:  Total time: 0:00:02
Test:  Acc@1 49.020 Acc@5 75.740
Epoch: [77]  [ 0/79]  eta: 0:01:10  lr: 0.027557479520891107  img/s: 1547.8341314620316  loss: 0.5443 (0.5443)  acc1: 70.7031 (70.7031)  acc5: 90.2344 (90.2344)  time: 0.8900  data: 0.7246  max mem: 7376
Epoch: [77] Total time: 0:00:13
Test:   [ 0/40]  eta: 0:00:29  loss: 2.2290 (2.2290)  acc1: 48.4375 (48.4375)  acc5: 75.3906 (75.3906)  time: 0.7403  data: 0.7011  max mem: 7376
Test:  Total time: 0:00:02
Test:  Acc@1 48.460 Acc@5 75.120
Epoch: [78]  [ 0/79]  eta: 0:01:11  lr: 0.025317852301584644  img/s: 1542.703690879337  loss: 0.5358 (0.5358)  acc1: 66.0156 (66.0156)  acc5: 87.1094 (87.1094)  time: 0.9046  data: 0.7387  max mem: 7376
Epoch: [78] Total time: 0:00:13
Test:   [ 0/40]  eta: 0:00:29  loss: 2.1930 (2.1930)  acc1: 49.2188 (49.2188)  acc5: 75.7812 (75.7812)  time: 0.7437  data: 0.7039  max mem: 7376
Test:  Total time: 0:00:02
Test:  Acc@1 49.160 Acc@5 75.570
Epoch: [79]  [ 0/79]  eta: 0:01:13  lr: 0.023159888914314086  img/s: 1546.7081679777475  loss: 0.5594 (0.5594)  acc1: 70.3125 (70.3125)  acc5: 89.0625 (89.0625)  time: 0.9297  data: 0.7642  max mem: 7376
Epoch: [79] Total time: 0:00:13
Test:   [ 0/40]  eta: 0:00:29  loss: 2.1792 (2.1792)  acc1: 48.0469 (48.0469)  acc5: 76.9531 (76.9531)  time: 0.7465  data: 0.7072  max mem: 7376
Test:  Total time: 0:00:02
Test:  Acc@1 49.040 Acc@5 75.770
Epoch: [80]  [ 0/79]  eta: 0:01:12  lr: 0.021085949060360654  img/s: 1546.0400540812168  loss: 0.5460 (0.5460)  acc1: 62.1094 (62.1094)  acc5: 87.1094 (87.1094)  time: 0.9138  data: 0.7481  max mem: 7376
Epoch: [80] Total time: 0:00:13
Test:   [ 0/40]  eta: 0:00:29  loss: 2.2272 (2.2272)  acc1: 47.6562 (47.6562)  acc5: 76.1719 (76.1719)  time: 0.7444  data: 0.7050  max mem: 7376
Test:  Total time: 0:00:02
Test:  Acc@1 48.810 Acc@5 75.300
Epoch: [81]  [ 0/79]  eta: 0:01:12  lr: 0.019098300562505267  img/s: 1548.6623695616117  loss: 0.5276 (0.5276)  acc1: 66.4062 (66.4062)  acc5: 87.5000 (87.5000)  time: 0.9124  data: 0.7471  max mem: 7376
Epoch: [81] Total time: 0:00:13
Test:   [ 0/40]  eta: 0:00:30  loss: 2.2158 (2.2158)  acc1: 48.4375 (48.4375)  acc5: 77.7344 (77.7344)  time: 0.7534  data: 0.7144  max mem: 7376
Test:  Total time: 0:00:02
Test:  Acc@1 48.950 Acc@5 75.420
Epoch: [82]  [ 0/79]  eta: 0:01:11  lr: 0.017199116885197995  img/s: 1545.7128889323956  loss: 0.5531 (0.5531)  acc1: 72.6562 (72.6562)  acc5: 91.7969 (91.7969)  time: 0.9053  data: 0.7397  max mem: 7376
Epoch: [82] Total time: 0:00:13
Test:   [ 0/40]  eta: 0:00:29  loss: 2.2096 (2.2096)  acc1: 49.6094 (49.6094)  acc5: 76.1719 (76.1719)  time: 0.7293  data: 0.6900  max mem: 7376
Test:  Total time: 0:00:02
Test:  Acc@1 49.120 Acc@5 75.160
Epoch: [83]  [ 0/79]  eta: 0:01:12  lr: 0.015390474757906468  img/s: 1548.1331772332217  loss: 0.5496 (0.5496)  acc1: 71.8750 (71.8750)  acc5: 89.8438 (89.8438)  time: 0.9126  data: 0.7472  max mem: 7376
Epoch: [83] Total time: 0:00:13
Test:   [ 0/40]  eta: 0:00:29  loss: 2.1858 (2.1858)  acc1: 49.6094 (49.6094)  acc5: 76.1719 (76.1719)  time: 0.7333  data: 0.6940  max mem: 7376
Test:  Total time: 0:00:02
Test:  Acc@1 49.280 Acc@5 75.780
Epoch: [84]  [ 0/79]  eta: 0:01:13  lr: 0.013674351904242607  img/s: 1549.0779385096134  loss: 0.5463 (0.5463)  acc1: 61.3281 (61.3281)  acc5: 83.5938 (83.5938)  time: 0.9296  data: 0.7643  max mem: 7376
Epoch: [84] Total time: 0:00:13
Test:   [ 0/40]  eta: 0:00:29  loss: 2.1691 (2.1691)  acc1: 49.6094 (49.6094)  acc5: 76.5625 (76.5625)  time: 0.7485  data: 0.7090  max mem: 7376
Test:  Total time: 0:00:02
Test:  Acc@1 49.700 Acc@5 76.110
Epoch: [85]  [ 0/79]  eta: 0:01:10  lr: 0.012052624879351102  img/s: 1546.037828000092  loss: 0.5257 (0.5257)  acc1: 68.7500 (68.7500)  acc5: 87.8906 (87.8906)  time: 0.8920  data: 0.7264  max mem: 7376
Epoch: [85] Total time: 0:00:13
Test:   [ 0/40]  eta: 0:00:29  loss: 2.1796 (2.1796)  acc1: 49.2188 (49.2188)  acc5: 77.3438 (77.3438)  time: 0.7312  data: 0.6919  max mem: 7376
Test:  Total time: 0:00:02
Test:  Acc@1 49.390 Acc@5 75.780
Epoch: [86]  [ 0/79]  eta: 0:01:10  lr: 0.01052706701792365  img/s: 1542.7679716775099  loss: 0.5259 (0.5259)  acc1: 64.8438 (64.8438)  acc5: 85.9375 (85.9375)  time: 0.8872  data: 0.7212  max mem: 7376
Epoch: [86] Total time: 0:00:13
Test:   [ 0/40]  eta: 0:00:30  loss: 2.1781 (2.1781)  acc1: 48.0469 (48.0469)  acc5: 77.3438 (77.3438)  time: 0.7725  data: 0.7335  max mem: 7376
Test:  Total time: 0:00:02
Test:  Acc@1 49.820 Acc@5 75.910
Epoch: [87]  [ 0/79]  eta: 0:01:11  lr: 0.009099346495083769  img/s: 1547.189567648182  loss: 0.5529 (0.5529)  acc1: 71.4844 (71.4844)  acc5: 90.2344 (90.2344)  time: 0.8990  data: 0.7335  max mem: 7376
Epoch: [87] Total time: 0:00:13
Test:   [ 0/40]  eta: 0:00:29  loss: 2.1813 (2.1813)  acc1: 47.6562 (47.6562)  acc5: 75.7812 (75.7812)  time: 0.7360  data: 0.6969  max mem: 7376
Test:  Total time: 0:00:02
Test:  Acc@1 49.460 Acc@5 75.810
Epoch: [88]  [ 0/79]  eta: 0:01:11  lr: 0.007771024502261523  img/s: 1551.8473794355352  loss: 0.5209 (0.5209)  acc1: 70.3125 (70.3125)  acc5: 90.2344 (90.2344)  time: 0.9003  data: 0.7354  max mem: 7376
Epoch: [88] Total time: 0:00:13
Test:   [ 0/40]  eta: 0:00:29  loss: 2.1762 (2.1762)  acc1: 48.0469 (48.0469)  acc5: 76.5625 (76.5625)  time: 0.7361  data: 0.6969  max mem: 7376
Test:  Total time: 0:00:02
Test:  Acc@1 49.440 Acc@5 75.800
Epoch: [89]  [ 0/79]  eta: 0:01:11  lr: 0.0065435535400539015  img/s: 1542.9608462171846  loss: 0.5405 (0.5405)  acc1: 71.8750 (71.8750)  acc5: 92.1875 (92.1875)  time: 0.9104  data: 0.7445  max mem: 7376
Epoch: [89] Total time: 0:00:13
Test:   [ 0/40]  eta: 0:00:29  loss: 2.1669 (2.1669)  acc1: 48.4375 (48.4375)  acc5: 76.5625 (76.5625)  time: 0.7424  data: 0.7032  max mem: 7376
Test:  Total time: 0:00:02
Test:  Acc@1 49.520 Acc@5 75.640
Epoch: [90]  [ 0/79]  eta: 0:01:10  lr: 0.005418275829936535  img/s: 1543.4421343146273  loss: 0.5085 (0.5085)  acc1: 73.4375 (73.4375)  acc5: 89.8438 (89.8438)  time: 0.8878  data: 0.7220  max mem: 7376
Epoch: [90] Total time: 0:00:13
Test:   [ 0/40]  eta: 0:00:29  loss: 2.1608 (2.1608)  acc1: 50.0000 (50.0000)  acc5: 77.3438 (77.3438)  time: 0.7432  data: 0.7040  max mem: 7376
Test:  Total time: 0:00:02
Test:  Acc@1 49.770 Acc@5 76.140
Epoch: [91]  [ 0/79]  eta: 0:01:10  lr: 0.004396421846564235  img/s: 1549.1561619012168  loss: 0.5381 (0.5381)  acc1: 66.4062 (66.4062)  acc5: 89.4531 (89.4531)  time: 0.8913  data: 0.7260  max mem: 7376
Epoch: [91] Total time: 0:00:13
Test:   [ 0/40]  eta: 0:00:29  loss: 2.1837 (2.1837)  acc1: 48.8281 (48.8281)  acc5: 76.1719 (76.1719)  time: 0.7354  data: 0.6960  max mem: 7376
Test:  Total time: 0:00:02
Test:  Acc@1 49.560 Acc@5 75.930
Epoch: [92]  [ 0/79]  eta: 0:01:09  lr: 0.003479108972265143  img/s: 1552.2175361801353  loss: 0.5011 (0.5011)  acc1: 67.1875 (67.1875)  acc5: 88.6719 (88.6719)  time: 0.8857  data: 0.7208  max mem: 7376
Epoch: [92] Total time: 0:00:13
Test:   [ 0/40]  eta: 0:00:29  loss: 2.1850 (2.1850)  acc1: 48.4375 (48.4375)  acc5: 76.1719 (76.1719)  time: 0.7454  data: 0.7059  max mem: 7376
Test:  Total time: 0:00:02
Test:  Acc@1 49.560 Acc@5 75.830
Epoch: [93]  [ 0/79]  eta: 0:01:10  lr: 0.002667340275199425  img/s: 1542.7546717625253  loss: 0.5150 (0.5150)  acc1: 64.4531 (64.4531)  acc5: 87.8906 (87.8906)  time: 0.8876  data: 0.7217  max mem: 7376
Epoch: [93] Total time: 0:00:13
Test:   [ 0/40]  eta: 0:00:29  loss: 2.1727 (2.1727)  acc1: 48.0469 (48.0469)  acc5: 77.3438 (77.3438)  time: 0.7397  data: 0.7004  max mem: 7376
Test:  Total time: 0:00:02
Test:  Acc@1 49.450 Acc@5 75.770
Epoch: [94]  [ 0/79]  eta: 0:01:10  lr: 0.001962003412519064  img/s: 1552.2152922740652  loss: 0.5205 (0.5205)  acc1: 68.7500 (68.7500)  acc5: 88.6719 (88.6719)  time: 0.8982  data: 0.7333  max mem: 7376
Epoch: [94] Total time: 0:00:13
Test:   [ 0/40]  eta: 0:00:29  loss: 2.1849 (2.1849)  acc1: 48.4375 (48.4375)  acc5: 75.0000 (75.0000)  time: 0.7327  data: 0.6934  max mem: 7376
Test:  Total time: 0:00:02
Test:  Acc@1 49.570 Acc@5 75.740
Epoch: [95]  [ 0/79]  eta: 0:01:14  lr: 0.0013638696597277674  img/s: 1550.3371768993309  loss: 0.5330 (0.5330)  acc1: 67.1875 (67.1875)  acc5: 91.4062 (91.4062)  time: 0.9476  data: 0.7824  max mem: 7376
Epoch: [95] Total time: 0:00:13
Test:   [ 0/40]  eta: 0:00:29  loss: 2.1891 (2.1891)  acc1: 48.8281 (48.8281)  acc5: 76.1719 (76.1719)  time: 0.7380  data: 0.6987  max mem: 7376
Test:  Total time: 0:00:02
Test:  Acc@1 49.640 Acc@5 75.940
Epoch: [96]  [ 0/79]  eta: 0:01:11  lr: 0.0008735930673024803  img/s: 1547.1093135609217  loss: 0.4988 (0.4988)  acc1: 67.9688 (67.9688)  acc5: 89.4531 (89.4531)  time: 0.9078  data: 0.7424  max mem: 7376
Epoch: [96] Total time: 0:00:13
Test:   [ 0/40]  eta: 0:00:29  loss: 2.1747 (2.1747)  acc1: 47.6562 (47.6562)  acc5: 75.7812 (75.7812)  time: 0.7371  data: 0.6979  max mem: 7376
Test:  Total time: 0:00:02
Test:  Acc@1 49.670 Acc@5 75.740
Epoch: [97]  [ 0/79]  eta: 0:01:09  lr: 0.0004917097454988583  img/s: 1542.9364571178949  loss: 0.5140 (0.5140)  acc1: 70.7031 (70.7031)  acc5: 91.4062 (91.4062)  time: 0.8813  data: 0.7153  max mem: 7376
Epoch: [97] Total time: 0:00:13
Test:   [ 0/40]  eta: 0:00:29  loss: 2.1815 (2.1815)  acc1: 48.8281 (48.8281)  acc5: 75.3906 (75.3906)  time: 0.7336  data: 0.6946  max mem: 7376
Test:  Total time: 0:00:02
Test:  Acc@1 49.550 Acc@5 75.630
Epoch: [98]  [ 0/79]  eta: 0:01:10  lr: 0.00021863727812254646  img/s: 1551.7890678066533  loss: 0.5385 (0.5385)  acc1: 62.5000 (62.5000)  acc5: 87.8906 (87.8906)  time: 0.8869  data: 0.7220  max mem: 7376
Epoch: [98] Total time: 0:00:13
Test:   [ 0/40]  eta: 0:00:29  loss: 2.1661 (2.1661)  acc1: 47.6562 (47.6562)  acc5: 77.3438 (77.3438)  time: 0.7311  data: 0.6918  max mem: 7376
Test:  Total time: 0:00:02
Test:  Acc@1 49.790 Acc@5 76.290
Epoch: [99]  [ 0/79]  eta: 0:01:11  lr: 5.467426590739509e-05  img/s: 1551.5984642128947  loss: 0.5270 (0.5270)  acc1: 66.7969 (66.7969)  acc5: 89.0625 (89.0625)  time: 0.8998  data: 0.7348  max mem: 7376
Epoch: [99] Total time: 0:00:13
Test:   [ 0/40]  eta: 0:00:29  loss: 2.1656 (2.1656)  acc1: 48.8281 (48.8281)  acc5: 76.9531 (76.9531)  time: 0.7365  data: 0.6975  max mem: 7376
Test:  Total time: 0:00:02
Test:  Acc@1 49.640 Acc@5 75.930
Best Accuracy 49.820
Training time 0:27:11